<?xml version="1.0" encoding="UTF-8"?>
<!-- Generated by org.testng.reporters.JUnitReportReporter -->
<testsuite hostname="Shanes-MacBook-Pro.local" failures="0" tests="1" name="runner.TestRunner" time="18.241" errors="0" timestamp="2024-05-15T16:27:50 BST" skipped="0">
  <testcase classname="runner.TestRunner" name="runScenario" time="18.241"/>
  <system-out/>
</testsuite> <!-- runner.TestRunner -->
